# JRE version: OpenJDK Runtime Environment (17.0.7) (build 17.0.7+0-b2043.56-10550314)
# Java VM: OpenJDK 64-Bit Server VM (17.0.7+0-b2043.56-10550314, mixed mode, tiered, compressed oops, compressed class ptrs, g1 gc, windows-amd64)
GC Precious Log:
 CPUs: 4 total, 4 available
 Memory: 8095M
 Large Page Support: Disabled
 NUMA Support: Disabled
 Compressed Oops: Enabled (Zero based)
 Heap Region Size: 2M
 Heap Min Capacity: 8M
 Heap Initial Capacity: 128M
 Heap Max Capacity: 4G
 Pre-touch: Disabled
 Parallel Workers: 4
 Concurrent Workers: 1
 Concurrent Refinement Workers: 4
 Periodic GC: Disabled
Heap:
 garbage-first heap   total 456704K, used 361140K [0x0000000700000000, 0x0000000800000000)
  region size 2048K, 108 young (221184K), 4 survivors (8192K)
 Metaspace       used 128848K, committed 129792K, reserved 1179648K
  class space    used 17313K, committed 17728K, reserved 1048576K
GC Heap History (20 events):
Event: 28.871 GC heap before
{Heap before GC invocations=34 (full 0):
 garbage-first heap   total 172032K, used 138365K [0x0000000700000000, 0x0000000800000000)
  region size 2048K, 19 young (38912K), 3 survivors (6144K)
 Metaspace       used 100466K, committed 101312K, reserved 1179648K
  class space    used 13798K, committed 14144K, reserved 1048576K
}
Event: 28.888 GC heap after
{Heap after GC invocations=35 (full 0):
 garbage-first heap   total 172032K, used 114014K [0x0000000700000000, 0x0000000800000000)
  region size 2048K, 3 young (6144K), 3 survivors (6144K)
 Metaspace       used 100466K, committed 101312K, reserved 1179648K
  class space    used 13798K, committed 14144K, reserved 1048576K
}
Event: 29.550 GC heap before
{Heap before GC invocations=36 (full 0):
 garbage-first heap   total 215040K, used 136542K [0x0000000700000000, 0x0000000800000000)
  region size 2048K, 14 young (28672K), 3 survivors (6144K)
 Metaspace       used 101707K, committed 102592K, reserved 1179648K
  class space    used 13962K, committed 14336K, reserved 1048576K
}
Event: 29.564 GC heap after
{Heap after GC invocations=37 (full 0):
 garbage-first heap   total 215040K, used 117007K [0x0000000700000000, 0x0000000800000000)
  region size 2048K, 2 young (4096K), 2 survivors (4096K)
 Metaspace       used 101707K, committed 102592K, reserved 1179648K
  class space    used 13962K, committed 14336K, reserved 1048576K
}
Event: 30.920 GC heap before
{Heap before GC invocations=37 (full 0):
 garbage-first heap   total 215040K, used 164111K [0x0000000700000000, 0x0000000800000000)
  region size 2048K, 25 young (51200K), 2 survivors (4096K)
 Metaspace       used 107118K, committed 107968K, reserved 1179648K
  class space    used 14741K, committed 15104K, reserved 1048576K
}
Event: 30.933 GC heap after
{Heap after GC invocations=38 (full 0):
 garbage-first heap   total 266240K, used 120311K [0x0000000700000000, 0x0000000800000000)
  region size 2048K, 3 young (6144K), 3 survivors (6144K)
 Metaspace       used 107118K, committed 107968K, reserved 1179648K
  class space    used 14741K, committed 15104K, reserved 1048576K
}
Event: 33.299 GC heap before
{Heap before GC invocations=39 (full 0):
 garbage-first heap   total 266240K, used 196087K [0x0000000700000000, 0x0000000800000000)
  region size 2048K, 41 young (83968K), 3 survivors (6144K)
 Metaspace       used 113992K, committed 114944K, reserved 1179648K
  class space    used 15597K, committed 16000K, reserved 1048576K
}
Event: 33.323 GC heap after
{Heap after GC invocations=40 (full 0):
 garbage-first heap   total 266240K, used 129228K [0x0000000700000000, 0x0000000800000000)
  region size 2048K, 6 young (12288K), 6 survivors (12288K)
 Metaspace       used 113992K, committed 114944K, reserved 1179648K
  class space    used 15597K, committed 16000K, reserved 1048576K
}
Event: 33.446 GC heap before
{Heap before GC invocations=40 (full 0):
 garbage-first heap   total 266240K, used 133324K [0x0000000700000000, 0x0000000800000000)
  region size 2048K, 7 young (14336K), 6 survivors (12288K)
 Metaspace       used 114782K, committed 115712K, reserved 1179648K
  class space    used 15686K, committed 16128K, reserved 1048576K
}
Event: 33.466 GC heap after
{Heap after GC invocations=41 (full 0):
 garbage-first heap   total 266240K, used 130575K [0x0000000700000000, 0x0000000800000000)
  region size 2048K, 1 young (2048K), 1 survivors (2048K)
 Metaspace       used 114782K, committed 115712K, reserved 1179648K
  class space    used 15686K, committed 16128K, reserved 1048576K
}
Event: 37.281 GC heap before
{Heap before GC invocations=41 (full 0):
 garbage-first heap   total 266240K, used 206351K [0x0000000700000000, 0x0000000800000000)
  region size 2048K, 37 young (75776K), 1 survivors (2048K)
 Metaspace       used 116571K, committed 117568K, reserved 1179648K
  class space    used 15884K, committed 16320K, reserved 1048576K
}
Event: 37.293 GC heap after
{Heap after GC invocations=42 (full 0):
 garbage-first heap   total 266240K, used 135479K [0x0000000700000000, 0x0000000800000000)
  region size 2048K, 3 young (6144K), 3 survivors (6144K)
 Metaspace       used 116571K, committed 117568K, reserved 1179648K
  class space    used 15884K, committed 16320K, reserved 1048576K
}
Event: 38.663 GC heap before
{Heap before GC invocations=43 (full 0):
 garbage-first heap   total 266240K, used 209207K [0x0000000700000000, 0x0000000800000000)
  region size 2048K, 39 young (79872K), 3 survivors (6144K)
 Metaspace       used 116576K, committed 117568K, reserved 1179648K
  class space    used 15885K, committed 16320K, reserved 1048576K
}
Event: 38.672 GC heap after
{Heap after GC invocations=44 (full 0):
 garbage-first heap   total 266240K, used 136097K [0x0000000700000000, 0x0000000800000000)
  region size 2048K, 3 young (6144K), 3 survivors (6144K)
 Metaspace       used 116576K, committed 117568K, reserved 1179648K
  class space    used 15885K, committed 16320K, reserved 1048576K
}
Event: 38.753 GC heap before
{Heap before GC invocations=44 (full 0):
 garbage-first heap   total 266240K, used 142241K [0x0000000700000000, 0x0000000800000000)
  region size 2048K, 6 young (12288K), 3 survivors (6144K)
 Metaspace       used 116576K, committed 117568K, reserved 1179648K
  class space    used 15885K, committed 16320K, reserved 1048576K
}
Event: 38.762 GC heap after
{Heap after GC invocations=45 (full 0):
 garbage-first heap   total 266240K, used 135534K [0x0000000700000000, 0x0000000800000000)
  region size 2048K, 1 young (2048K), 1 survivors (2048K)
 Metaspace       used 116576K, committed 117568K, reserved 1179648K
  class space    used 15885K, committed 16320K, reserved 1048576K
}
Event: 40.447 GC heap before
{Heap before GC invocations=45 (full 0):
 garbage-first heap   total 266240K, used 213358K [0x0000000700000000, 0x0000000800000000)
  region size 2048K, 39 young (79872K), 1 survivors (2048K)
 Metaspace       used 120795K, committed 121728K, reserved 1179648K
  class space    used 16476K, committed 16896K, reserved 1048576K
}
Event: 40.452 GC heap after
{Heap after GC invocations=46 (full 0):
 garbage-first heap   total 456704K, used 134684K [0x0000000700000000, 0x0000000800000000)
  region size 2048K, 2 young (4096K), 2 survivors (4096K)
 Metaspace       used 120795K, committed 121728K, reserved 1179648K
  class space    used 16476K, committed 16896K, reserved 1048576K
}
Event: 44.016 GC heap before
{Heap before GC invocations=46 (full 0):
 garbage-first heap   total 456704K, used 331292K [0x0000000700000000, 0x0000000800000000)
  region size 2048K, 96 young (196608K), 2 survivors (4096K)
 Metaspace       used 126118K, committed 127104K, reserved 1179648K
  class space    used 17092K, committed 17536K, reserved 1048576K
}
Event: 44.028 GC heap after
{Heap after GC invocations=47 (full 0):
 garbage-first heap   total 456704K, used 144052K [0x0000000700000000, 0x0000000800000000)
  region size 2048K, 4 young (8192K), 4 survivors (8192K)
 Metaspace       used 126118K, committed 127104K, reserved 1179648K
  class space    used 17092K, committed 17536K, reserved 1048576K
}

